<?xml version="1.0" encoding="UTF-8"?>
<project>
	<modelVersion>4.0.0</modelVersion>
	<version>1.0.0.BUILD-SNAPSHOT</version>
	<properties>
		<sample.version>1.0.0</sample.version>
	</properties>
	<prerequisites>
		<maven>3.0.0</maven>
	</prerequisites>
	<dependencyManagement>
		<dependencies>
			<dependency>
				<groupId>org.sample</groupId>
				<artifactId>sample01</artifactId>
				<version>${sample.version}</version>
				<exclusions>
                    <exclusion>
                        <groupId>org.exclude</groupId>
                        <artifactId>exclude01</artifactId>
                    </exclusion>
				</exclusions>
			</dependency>
			<dependency>
				<groupId>org.sample</groupId>
				<artifactId>sample02</artifactId>
				<version>${sample.version}</version>
			</dependency>
		</dependencies>
	</dependencyManagement>
</project>
